<?xml version="1.0" encoding="utf-8"?><testsuites name="pytest tests"><testsuite name="pytest" errors="0" failures="0" skipped="0" tests="22" time="13.263" timestamp="2026-04-10T15:04:14.015616+00:00" hostname="agent-env-025d5e68-adc3-4198-a9ab-83e8d1bcb217"><testcase classname="backend.tests.test_franchiseiq.TestAuth" name="test_register_duplicate_fails" time="0.294" /><testcase classname="backend.tests.test_franchiseiq.TestAuth" name="test_login_seeker" time="0.585" /><testcase classname="backend.tests.test_franchiseiq.TestAuth" name="test_login_owner" time="0.556" /><testcase classname="backend.tests.test_franchiseiq.TestAuth" name="test_login_invalid_fails" time="0.248" /><testcase classname="backend.tests.test_franchiseiq.TestAuth" name="test_profile" time="0.804" /><testcase classname="backend.tests.test_franchiseiq.TestFranchises" name="test_list_franchises" time="0.196" /><testcase classname="backend.tests.test_franchiseiq.TestFranchises" name="test_list_with_category" time="0.196" /><testcase classname="backend.tests.test_franchiseiq.TestFranchises" name="test_list_with_search" time="0.191" /><testcase classname="backend.tests.test_franchiseiq.TestFranchises" name="test_list_with_budget" time="0.229" /><testcase classname="backend.tests.test_franchiseiq.TestFranchises" name="test_get_franchise" time="0.371" /><testcase classname="backend.tests.test_franchiseiq.TestFranchises" name="test_get_categories" time="0.166" /><testcase classname="backend.tests.test_franchiseiq.TestFranchises" name="test_owner_mine" time="0.718" /><testcase classname="backend.tests.test_franchiseiq.TestFranchises" name="test_seeker_cannot_access_mine" time="0.175" /><testcase classname="backend.tests.test_franchiseiq.TestAI" name="test_ai_match" time="2.644" /><testcase classname="backend.tests.test_franchiseiq.TestAI" name="test_ai_chat" time="0.473" /><testcase classname="backend.tests.test_franchiseiq.TestAI" name="test_ai_roadmap" time="2.658" /><testcase classname="backend.tests.test_franchiseiq.TestAI" name="test_ai_compare" time="1.000" /><testcase classname="backend.tests.test_franchiseiq.TestLocation" name="test_location_intelligence" time="0.176" /><testcase classname="backend.tests.test_franchiseiq.TestLocation" name="test_zones" time="0.182" /><testcase classname="backend.tests.test_franchiseiq.TestOwnerCRUD" name="test_create_franchise" time="0.208" /><testcase classname="backend.tests.test_franchiseiq.TestOwnerCRUD" name="test_verify_created_franchise" time="0.219" /><testcase classname="backend.tests.test_franchiseiq.TestOwnerCRUD" name="test_delete_created_franchise" time="0.177" /></testsuite></testsuites>